0 info it worked if it ends with ok
1 verbose cli [ '/usr/local/Cellar/node@6/6.9.2/bin/node',
1 verbose cli   '/usr/local/bin/npm',
1 verbose cli   'start' ]
2 info using npm@3.10.8
3 info using node@v6.9.2
4 verbose run-script [ 'prestart', 'start', 'poststart' ]
5 info lifecycle app-skeleton@0.0.2~prestart: app-skeleton@0.0.2
6 silly lifecycle app-skeleton@0.0.2~prestart: no script for prestart, continuing
7 info lifecycle app-skeleton@0.0.2~start: app-skeleton@0.0.2
8 verbose lifecycle app-skeleton@0.0.2~start: unsafe-perm in lifecycle true
9 verbose lifecycle app-skeleton@0.0.2~start: PATH: /usr/local/lib/node_modules/npm/bin/node-gyp-bin:/Users/dodo/checkouts/treecast-app/node_modules/.bin:/usr/local/Cellar/node@6/6.9.2/bin:/usr/local/google-cloud-sdk/bin:/usr/local/bin:/usr/bin:/bin:/usr/sbin:/sbin
10 verbose lifecycle app-skeleton@0.0.2~start: CWD: /Users/dodo/checkouts/treecast-app
11 silly lifecycle app-skeleton@0.0.2~start: Args: [ '-c', 'webpack -w' ]
12 silly lifecycle app-skeleton@0.0.2~start: Returned: code: 1  signal: null
13 info lifecycle app-skeleton@0.0.2~start: Failed to exec start script
14 verbose stack Error: app-skeleton@0.0.2 start: `webpack -w`
14 verbose stack Exit status 1
14 verbose stack     at EventEmitter.<anonymous> (/usr/local/lib/node_modules/npm/lib/utils/lifecycle.js:255:16)
14 verbose stack     at emitTwo (events.js:106:13)
14 verbose stack     at EventEmitter.emit (events.js:191:7)
14 verbose stack     at ChildProcess.<anonymous> (/usr/local/lib/node_modules/npm/lib/utils/spawn.js:40:14)
14 verbose stack     at emitTwo (events.js:106:13)
14 verbose stack     at ChildProcess.emit (events.js:191:7)
14 verbose stack     at maybeClose (internal/child_process.js:877:16)
14 verbose stack     at Process.ChildProcess._handle.onexit (internal/child_process.js:226:5)
15 verbose pkgid app-skeleton@0.0.2
16 verbose cwd /Users/dodo/checkouts/treecast-app
17 error Darwin 16.3.0
18 error argv "/usr/local/Cellar/node@6/6.9.2/bin/node" "/usr/local/bin/npm" "start"
19 error node v6.9.2
20 error npm  v3.10.8
21 error code ELIFECYCLE
22 error app-skeleton@0.0.2 start: `webpack -w`
22 error Exit status 1
23 error Failed at the app-skeleton@0.0.2 start script 'webpack -w'.
23 error Make sure you have the latest version of node.js and npm installed.
23 error If you do, this is most likely a problem with the app-skeleton package,
23 error not with npm itself.
23 error Tell the author that this fails on your system:
23 error     webpack -w
23 error You can get information on how to open an issue for this project with:
23 error     npm bugs app-skeleton
23 error Or if that isn't available, you can get their info via:
23 error     npm owner ls app-skeleton
23 error There is likely additional logging output above.
24 verbose exit [ 1, true ]
